<?xml version="1.0" encoding="UTF-8"?>
<testsuite xmlns:xsi="http://www.w3.org/2001/XMLSchema-instance" xsi:noNamespaceSchemaLocation="https://maven.apache.org/surefire/maven-surefire-plugin/xsd/surefire-test-report.xsd" name="com.ontariotechu.sofe3980U.BinaryControllerTest" time="0.837" tests="13" errors="0" skipped="0" failures="0">
  <properties>
[...]
</properties>
  <testcase name="getDefault" classname="com.ontariotechu.sofe3980U.BinaryControllerTest" time="0.403"/>
  <testcase name="postMultiplicationWithOne" classname="com.ontariotechu.sofe3980U.BinaryControllerTest" time="0.014"/>
  <testcase name="postBitwiseOrOperation" classname="com.ontariotechu.sofe3980U.BinaryControllerTest" time="0.002"/>
  <testcase name="postMultiplicationWithZero" classname="com.ontariotechu.sofe3980U.BinaryControllerTest" time="0.001"/>
  <testcase name="postAdditionWithZero" classname="com.ontariotechu.sofe3980U.BinaryControllerTest" time="0.003"/>
  <testcase name="postOrWithDifferentLengthOperands" classname="com.ontariotechu.sofe3980U.BinaryControllerTest" time="0.003"/>
  <testcase name="postAndWithDifferentLengthOperands" classname="com.ontariotechu.sofe3980U.BinaryControllerTest" time="0.004"/>
  <testcase name="postBitwiseAndOperation" classname="com.ontariotechu.sofe3980U.BinaryControllerTest" time="0.004"/>
  <testcase name="postAdditionWithLeadingZeros" classname="com.ontariotechu.sofe3980U.BinaryControllerTest" time="0.002"/>
  <testcase name="postParameter" classname="com.ontariotechu.sofe3980U.BinaryControllerTest" time="0.005"/>
  <testcase name="postAdditionWithLargeBinaryNumbers" classname="com.ontariotechu.sofe3980U.BinaryControllerTest" time="0.003"/>
  <testcase name="postMultiplicationOperation" classname="com.ontariotechu.sofe3980U.BinaryControllerTest" time="0.002"/>
  <testcase name="getParameter" classname="com.ontariotechu.sofe3980U.BinaryControllerTest" time="0.002"/>
</testsuite>